<?xml version="1.0" encoding="UTF-8"?>
<!-- Generated by org.testng.reporters.JUnitReportReporter -->
<testsuite hostname="LAPTOP-KJ5GQOOE" failures="0" tests="1" name="testRunner.TestRunner" time="35.773" errors="0" timestamp="2025-02-07T15:20:00 IST" skipped="0">
  <testcase classname="testRunner.TestRunner" name="runScenario" time="35.773"/>
  <system-out/>
</testsuite> <!-- testRunner.TestRunner -->
